
CondaError: Run 'conda init' before 'conda activate'

2026-05-25 11:46:50.969365: I tensorflow/core/platform/cpu_feature_guard.cc:193] This TensorFlow binary is optimized with oneAPI Deep Neural Network Library (oneDNN) to use the following CPU instructions in performance-critical operations:  SSE4.1 SSE4.2 AVX AVX2 FMA
To enable them in other operations, rebuild TensorFlow with the appropriate compiler flags.
/nas-ctm01/homes/pfsousa/.conda/envs/meddiff3/lib/python3.8/site-packages/torchvision/io/image.py:13: UserWarning: Failed to load image Python extension: '/nas-ctm01/homes/pfsousa/.conda/envs/meddiff3/lib/python3.8/site-packages/torchvision/image.so: undefined symbol: _ZN3c1017RegisterOperatorsD1Ev'If you don't plan on using image functionality from `torchvision.io`, you can ignore this warning. Otherwise, there might be something wrong with your environment. Did you have `libjpeg` or `libpng` installed before building `torchvision` from source?
  warn(
wandb: Currently logged in as: brightside51. Use `wandb login --relogin` to force relogin
wandb: wandb version 0.27.0 is available!  To upgrade, please run:
wandb:  $ pip install wandb --upgrade
wandb: Tracking run with wandb version 0.16.6
wandb: Run data is saved locally in /nas-ctm01/homes/pfsousa/fedseg/runs/wandb/run-20260525_114701-ius3trkc
wandb: Run `wandb offline` to turn off syncing.
wandb: Syncing run V0 (11:47 25/05/2026)
wandb: ⭐️ View project at https://wandb.ai/brightside51/fedseg
wandb: 🚀 View run at https://wandb.ai/brightside51/fedseg/runs/ius3trkc
/nas-ctm01/homes/pfsousa/fedseg/train/test_resunet.py:167: FutureWarning: You are using `torch.load` with `weights_only=False` (the current default value), which uses the default pickle module implicitly. It is possible to construct malicious pickle data which will execute arbitrary code during unpickling (See https://github.com/pytorch/pytorch/blob/main/SECURITY.md#untrusted-models for more details). In a future release, the default value for `weights_only` will be flipped to `True`. This limits the functions that could be executed during unpickling. Arbitrary objects will no longer be allowed to be loaded via this mode unless they are explicitly allowlisted by the user via `torch.serialization.add_safe_globals`. We recommend you start setting `weights_only=True` for any use case where you don't have full control of the loaded file. Please open an issue on GitHub for any issues related to this experimental feature.
  model.load_state_dict(torch.load(run_args.test.resume_ckpt,
wandb: - 1.279 MB of 1.279 MB uploadedwandb: \ 1.279 MB of 1.279 MB uploadedwandb: | 1.279 MB of 1.290 MB uploadedwandb: / 1.290 MB of 1.290 MB uploadedwandb: 
wandb: Run history:
wandb:       test_ds/combined ▁
wandb:           test_ds/dice ▁
wandb:             test_ds/fn ▁
wandb:             test_ds/fp ▁
wandb:            test_ds/iou ▁
wandb:      test_ds/precision ▁
wandb:    test_ds/sensitivity ▁
wandb:    test_ds/specificity ▁
wandb:             test_ds/tn ▁
wandb:             test_ds/tp ▁
wandb:    test_slice/combined ▁▂▁▂▁▁▅▁▁▁█▁▁▁▁▁▁▁█▁▁▁▁▆▁▁▁▁▁▆▁▄▁▁▁▁▁▁▁▁
wandb:        test_slice/dice ██████▄███▁███████▁████▄█████▁█▄████████
wandb:          test_slice/fn ▂▂▂▂▁▁▇▁▁▁█▁▁▁▁▁▁▁▇▁▁▁▁▇▁▂▁▁▁▇▁▄▁▁▁▁▁▁▁▁
wandb:          test_slice/fp ▁▂▁▂▁▁▅▁▁▁█▂▁▁▁▁▁▁█▁▁▁▁▅▁▁▁▁▁▅▁▃▁▁▁▂▁▁▁▁
wandb:         test_slice/iou ▇█▇███▃███▁███████▁████▃█████▁█▃████████
wandb:   test_slice/precision ██████▄███▁███████▁████▄█████▁█▄████████
wandb:  test_slice/sample_idx ▁▁▁▁▂▂▂▂▂▃▃▃▃▃▃▄▄▄▄▄▅▅▅▅▅▅▆▆▆▆▆▇▇▇▇▇▇███
wandb: test_slice/sensitivity ▇█▇███▄███▁███████▁████▅█████▁█▅████████
wandb:   test_slice/slice_idx ▁▁▁▁▁▁▁▁▁▁▁▁▁▁▁▁▁▁▁▁▁▁▁▁▁▁▁▁▁▁▁▁▁▁▁▁▁▁▁▁
wandb: test_slice/specificity █▇█▇██▄███▁▇██████▁████▄██▇██▄█▆███▇██▇█
wandb:          test_slice/tn ▆▁█▁▂▆▆▅▅▅▆▅▆▅▅▆▆▆▆▅▆▅▇▆▆▆▆▆▆▇▆█▅▅▆▅▅▅▆▆
wandb:          test_slice/tp ▄█▃█▇▅▂▅▅▅▁▅▄▅▅▄▄▄▁▅▅▅▃▂▅▄▅▄▄▁▄▂▅▅▅▅▅▅▄▄
wandb:     test_subj/combined ▁▂▁▂▁▁▅▁▁▁█▁▁▁▁▁▁▁█▁▁▁▁▆▁▁▁▁▁▆▁▄▁▁▁▁▁▁▁▁
wandb:         test_subj/dice ██████▄███▁███████▁████▄█████▁█▄████████
wandb:           test_subj/fn ▂▂▂▂▁▁▇▁▁▁█▁▁▁▁▁▁▁▇▁▁▁▁▇▁▂▁▁▁▇▁▄▁▁▁▁▁▁▁▁
wandb:           test_subj/fp ▁▂▁▂▁▁▅▁▁▁█▂▁▁▁▁▁▁█▁▁▁▁▅▁▁▁▁▁▅▁▃▁▁▁▂▁▁▁▁
wandb:          test_subj/iou ▇█▇███▃███▁███████▁████▃█████▁█▃████████
wandb:    test_subj/precision ██████▄███▁███████▁████▄█████▁█▄████████
wandb:  test_subj/sensitivity ▇█▇███▄███▁███████▁████▅█████▁█▅████████
wandb:  test_subj/specificity █▇█▇██▄███▁▇██████▁████▄██▇██▄█▆███▇██▇█
wandb:           test_subj/tn ▆▁█▁▂▆▆▅▅▅▆▅▆▅▅▆▆▆▆▅▆▅▇▆▆▆▆▆▆▇▆█▅▅▆▅▅▅▆▆
wandb:           test_subj/tp ▄█▃█▇▅▂▅▅▅▁▅▄▅▅▄▄▄▁▅▅▅▃▂▅▄▅▄▄▁▄▂▅▅▅▅▅▅▄▄
wandb: 
wandb: Run summary:
wandb:       test_ds/combined 1.2789
wandb:           test_ds/dice 0.84421
wandb:             test_ds/fn 164.76617
wandb:             test_ds/fp 228.78109
wandb:            test_ds/iou 0.8011
wandb:      test_ds/precision 0.83747
wandb:    test_ds/sensitivity 0.8512
wandb:    test_ds/specificity 0.98469
wandb:             test_ds/tn 14239.18905
wandb:             test_ds/tp 1751.26368
wandb:    test_slice/combined 0.5639
wandb:        test_slice/dice 0.95863
wandb:          test_slice/fn 81.0
wandb:          test_slice/fp 97.0
wandb:         test_slice/iou 0.92054
wandb:   test_slice/precision 0.95507
wandb:  test_slice/sample_idx 200
wandb: test_slice/sensitivity 0.9622
wandb:   test_slice/slice_idx 0
wandb: test_slice/specificity 0.99319
wandb:          test_slice/tn 14144.0
wandb:          test_slice/tp 2062.0
wandb:     test_subj/combined 0.5639
wandb:         test_subj/dice 0.95863
wandb:           test_subj/fn 81.0
wandb:           test_subj/fp 97.0
wandb:          test_subj/iou 0.92054
wandb:    test_subj/precision 0.95507
wandb:  test_subj/sensitivity 0.9622
wandb:  test_subj/specificity 0.99319
wandb:           test_subj/tn 14144.0
wandb:           test_subj/tp 2062.0
wandb: 
wandb: 🚀 View run V0 (11:47 25/05/2026) at: https://wandb.ai/brightside51/fedseg/runs/ius3trkc
wandb: ⭐️ View project at: https://wandb.ai/brightside51/fedseg
wandb: Synced 6 W&B file(s), 21 media file(s), 0 artifact file(s) and 0 other file(s)
wandb: Find logs at: ./wandb/run-20260525_114701-ius3trkc/logs
